<?xml version="1.0" encoding="UTF-8"?>
<!-- Generated by org.testng.reporters.JUnitReportReporter -->
<testsuite hostname="LAPTOP-FHO7PONP" failures="0" tests="1" name="com.sauceDemo.VerifyTestClasses.Program" time="5.461" errors="0" timestamp="2022-08-05T01:10:35 IST" skipped="0">
  <testcase classname="com.sauceDemo.VerifyTestClasses.Program" name="setUP" time="5.461"/>
  <system-out/>
</testsuite> <!-- com.sauceDemo.VerifyTestClasses.Program -->
