<?xml version="1.0" encoding="UTF-8"?>
<!-- Generated by org.testng.reporters.JUnitReportReporter -->
<testsuite hostname="LAPTOP-FHO7PONP" failures="0" tests="1" name="com.sauceDemo.VerifyTestClasses.Pop" time="5.645" errors="0" timestamp="2022-08-05T01:29:55 IST" skipped="0">
  <testcase classname="com.sauceDemo.VerifyTestClasses.Pop" name="hds" time="5.645"/>
  <system-out/>
</testsuite> <!-- com.sauceDemo.VerifyTestClasses.Pop -->
